{"email":"test@test.com","error":"secretOrPrivateKey must have a value","level":"error","message":"Register failed","timestamp":"2025-06-18T09:00:47.235Z"}
{"error":"Cast to ObjectId failed for value \"undefined\" (type string) at path \"_id\" for model \"Note\"","level":"error","message":"Get note failed","noteId":"undefined","timestamp":"2025-06-18T09:06:33.902Z","userId":"6852803fce818194a05c9494"}
{"error":"Cast to ObjectId failed for value \"undefined\" (type string) at path \"_id\" for model \"Note\"","level":"error","message":"Get note failed","noteId":"undefined","timestamp":"2025-06-18T09:06:33.930Z","userId":"6852803fce818194a05c9494"}
{"error":"Cast to ObjectId failed for value \"undefined\" (type string) at path \"_id\" for model \"Note\"","level":"error","message":"Get note failed","noteId":"undefined","timestamp":"2025-06-18T09:06:38.253Z","userId":"6852803fce818194a05c9494"}
{"error":"Cast to ObjectId failed for value \"undefined\" (type string) at path \"_id\" for model \"Note\"","level":"error","message":"Get note failed","noteId":"undefined","timestamp":"2025-06-18T09:06:38.269Z","userId":"6852803fce818194a05c9494"}
{"error":"Cast to ObjectId failed for value \"edit685286598970d81e2dc98a81\" (type string) at path \"_id\" for model \"Note\"","level":"error","message":"Get note failed","noteId":"edit685286598970d81e2dc98a81","timestamp":"2025-06-18T11:33:48.297Z","userId":"6852803fce818194a05c9494"}
{"error":"Cast to ObjectId failed for value \"edit685286598970d81e2dc98a81\" (type string) at path \"_id\" for model \"Note\"","level":"error","message":"Get note failed","noteId":"edit685286598970d81e2dc98a81","timestamp":"2025-06-18T11:33:48.339Z","userId":"6852803fce818194a05c9494"}
{"error":"Cast to ObjectId failed for value \"edit685286598970d81e2dc98a81\" (type string) at path \"_id\" for model \"Note\"","level":"error","message":"Get note failed","noteId":"edit685286598970d81e2dc98a81","timestamp":"2025-06-18T11:34:18.888Z","userId":"6852803fce818194a05c9494"}
{"error":"Cast to ObjectId failed for value \"edit685286598970d81e2dc98a81\" (type string) at path \"_id\" for model \"Note\"","level":"error","message":"Get note failed","noteId":"edit685286598970d81e2dc98a81","timestamp":"2025-06-18T11:34:18.910Z","userId":"6852803fce818194a05c9494"}
{"level":"error","message":"Delete note error: Note not found","stack":"Error: Note not found\n    at deleteNote (/Users/arc/Desktop/Project/Test/notes-app/server/src/controllers/notes.ts:99:13)\n    at processTicksAndRejections (node:internal/process/task_queues:95:5)\n    at /Users/arc/Desktop/Project/Test/notes-app/server/src/routes/notes.ts:272:21","timestamp":"2025-06-18T21:50:50.163Z"}
{"error":"Note not found","level":"error","message":"Delete note failed","noteId":"68533478a7749a59ac8cdd05","timestamp":"2025-06-18T21:50:50.164Z","userId":"68530f7027313829214b9381"}
{"level":"error","message":"Delete note error: Note not found","stack":"Error: Note not found\n    at deleteNote (/Users/arc/Desktop/Project/Test/notes-app/server/src/controllers/notes.ts:99:13)\n    at processTicksAndRejections (node:internal/process/task_queues:95:5)\n    at /Users/arc/Desktop/Project/Test/notes-app/server/src/routes/notes.ts:272:21","timestamp":"2025-06-18T21:50:58.784Z"}
{"error":"Note not found","level":"error","message":"Delete note failed","noteId":"68533478a7749a59ac8cdd05","timestamp":"2025-06-18T21:50:58.785Z","userId":"68530f7027313829214b9381"}
{"level":"error","message":"Delete note error: Note not found","stack":"Error: Note not found\n    at deleteNote (/Users/arc/Desktop/Project/Test/notes-app/server/src/controllers/notes.ts:99:13)\n    at processTicksAndRejections (node:internal/process/task_queues:95:5)\n    at /Users/arc/Desktop/Project/Test/notes-app/server/src/routes/notes.ts:272:21","timestamp":"2025-06-18T21:51:02.446Z"}
{"error":"Note not found","level":"error","message":"Delete note failed","noteId":"68533478a7749a59ac8cdd05","timestamp":"2025-06-18T21:51:02.446Z","userId":"68530f7027313829214b9381"}
{"level":"error","message":"Delete note error: Note not found","stack":"Error: Note not found\n    at deleteNote (/Users/arc/Desktop/Project/Test/notes-app/server/src/controllers/notes.ts:99:13)\n    at processTicksAndRejections (node:internal/process/task_queues:95:5)\n    at /Users/arc/Desktop/Project/Test/notes-app/server/src/routes/notes.ts:272:21","timestamp":"2025-06-18T21:51:05.410Z"}
{"error":"Note not found","level":"error","message":"Delete note failed","noteId":"68533478a7749a59ac8cdd05","timestamp":"2025-06-18T21:51:05.412Z","userId":"68530f7027313829214b9381"}
{"level":"error","message":"Delete note error: Note not found","stack":"Error: Note not found\n    at deleteNote (/Users/arc/Desktop/Project/Test/notes-app/server/src/controllers/notes.ts:99:13)\n    at processTicksAndRejections (node:internal/process/task_queues:95:5)\n    at /Users/arc/Desktop/Project/Test/notes-app/server/src/routes/notes.ts:272:21","timestamp":"2025-06-18T21:51:29.893Z"}
{"error":"Note not found","level":"error","message":"Delete note failed","noteId":"68533478a7749a59ac8cdd05","timestamp":"2025-06-18T21:51:29.906Z","userId":"68530f7027313829214b9381"}
{"level":"error","message":"Update note error: Note not found","stack":"Error: Note not found\n    at updateNote (/Users/arc/Desktop/Project/Test/notes-app/server/src/controllers/notes.ts:61:13)\n    at processTicksAndRejections (node:internal/process/task_queues:95:5)\n    at /Users/arc/Desktop/Project/Test/notes-app/server/src/routes/notes.ts:215:18","timestamp":"2025-06-18T21:58:05.578Z"}
{"error":"Note not found","level":"error","message":"Update note failed","noteId":"68533477a7749a59ac8cdcfc","timestamp":"2025-06-18T21:58:05.579Z","userId":"68530f7027313829214b9381"}
{"level":"error","message":"Update note error: Note not found","stack":"Error: Note not found\n    at updateNote (/Users/arc/Desktop/Project/Test/notes-app/server/src/controllers/notes.ts:61:13)\n    at processTicksAndRejections (node:internal/process/task_queues:95:5)\n    at /Users/arc/Desktop/Project/Test/notes-app/server/src/routes/notes.ts:215:18","timestamp":"2025-06-18T21:58:08.056Z"}
{"error":"Note not found","level":"error","message":"Update note failed","noteId":"68533477a7749a59ac8cdcfc","timestamp":"2025-06-18T21:58:08.056Z","userId":"68530f7027313829214b9381"}
{"level":"error","message":"Update note error: Note not found","stack":"Error: Note not found\n    at updateNote (/Users/arc/Desktop/Project/Test/notes-app/server/src/controllers/notes.ts:61:13)\n    at processTicksAndRejections (node:internal/process/task_queues:95:5)\n    at /Users/arc/Desktop/Project/Test/notes-app/server/src/routes/notes.ts:215:18","timestamp":"2025-06-18T21:58:09.163Z"}
{"error":"Note not found","level":"error","message":"Update note failed","noteId":"68533477a7749a59ac8cdcfc","timestamp":"2025-06-18T21:58:09.163Z","userId":"68530f7027313829214b9381"}
{"level":"error","message":"Update note error: Not authorized to update this note","stack":"Error: Not authorized to update this note\n    at updateNote (/Users/arc/Desktop/Project/Test/notes-app/server/src/controllers/notes.ts:73:13)\n    at processTicksAndRejections (node:internal/process/task_queues:95:5)\n    at /Users/arc/Desktop/Project/Test/notes-app/server/src/routes/notes.ts:216:18","timestamp":"2025-06-19T10:27:59.507Z"}
{"error":"Not authorized to update this note","level":"error","message":"Update note failed","noteId":"6853e61747960c940babba5e","timestamp":"2025-06-19T10:27:59.507Z","userId":"68530f7027313829214b9381"}
{"error":"Not authorized to update this note","level":"error","message":"Update note failed","noteId":"6853e61747960c940babba5e","timestamp":"2025-06-19T10:36:52.879Z","userId":"68530f7327313829214b9384"}
{"error":"Not authorized to update this note","level":"error","message":"Update note failed","noteId":"6853e61747960c940babba5e","timestamp":"2025-06-19T10:37:02.115Z","userId":"68530f7327313829214b9384"}
{"error":"Not authorized to update this note","level":"error","message":"Update note failed","noteId":"6853e61747960c940babba5e","timestamp":"2025-06-19T10:39:30.782Z","userId":"68530f7327313829214b9384"}
{"error":"Not authorized to update this note","level":"error","message":"Update note failed","noteId":"6853e61747960c940babba5e","timestamp":"2025-06-19T10:39:53.324Z","userId":"68530f7327313829214b9384"}
{"error":"Not authorized to update this note","level":"error","message":"Update note failed","noteId":"6853e61747960c940babba5e","timestamp":"2025-06-19T10:47:04.305Z","userId":"68530f7327313829214b9384"}
{"error":"Not authorized to update this note","level":"error","message":"Update note failed","noteId":"6853e61747960c940babba5e","timestamp":"2025-06-19T10:50:14.027Z","userId":"68530f7327313829214b9384"}
{"error":"Not authorized to update this note","level":"error","message":"Update note failed","noteId":"6853e61747960c940babba5e","timestamp":"2025-06-19T10:50:25.610Z","userId":"68530f7327313829214b9384"}
{"error":"Not authorized to update this note","level":"error","message":"Update note failed","noteId":"6853e61747960c940babba5e","timestamp":"2025-06-19T10:52:47.035Z","userId":"68530f7327313829214b9384"}
{"level":"error","message":"Delete note error: Not authorized to delete this note","stack":"Error: Not authorized to delete this note\n    at deleteNote (/Users/arc/Desktop/Project/Test/notes-app/server/src/controllers/notes.ts:111:13)\n    at processTicksAndRejections (node:internal/process/task_queues:95:5)\n    at /Users/arc/Desktop/Project/Test/notes-app/server/src/routes/notes.ts:273:21","timestamp":"2025-06-19T11:09:55.104Z"}
{"error":"Not authorized to delete this note","level":"error","message":"Delete note failed","noteId":"6853e3882b2080a571d53d41","timestamp":"2025-06-19T11:09:55.105Z","userId":"68530f7327313829214b9384"}
{"level":"error","message":"Delete note error: Not authorized to delete this note","stack":"Error: Not authorized to delete this note\n    at deleteNote (/Users/arc/Desktop/Project/Test/notes-app/server/src/controllers/notes.ts:111:13)\n    at processTicksAndRejections (node:internal/process/task_queues:95:5)\n    at /Users/arc/Desktop/Project/Test/notes-app/server/src/routes/notes.ts:273:21","timestamp":"2025-06-19T11:10:02.677Z"}
{"error":"Not authorized to delete this note","level":"error","message":"Delete note failed","noteId":"6853e3882b2080a571d53d41","timestamp":"2025-06-19T11:10:02.677Z","userId":"68530f7327313829214b9384"}
{"level":"error","message":"Delete note error: Not authorized to delete this note","stack":"Error: Not authorized to delete this note\n    at deleteNote (/Users/arc/Desktop/Project/Test/notes-app/server/src/controllers/notes.ts:111:13)\n    at processTicksAndRejections (node:internal/process/task_queues:95:5)\n    at /Users/arc/Desktop/Project/Test/notes-app/server/src/routes/notes.ts:273:21","timestamp":"2025-06-19T11:10:10.280Z"}
{"error":"Not authorized to delete this note","level":"error","message":"Delete note failed","noteId":"6853e3d02b2080a571d53d5a","timestamp":"2025-06-19T11:10:10.281Z","userId":"68530f7327313829214b9384"}
{"error":"Not authorized to update this note","level":"error","message":"Update note failed","noteId":"6853f804dacfbe1d4ea9fdf9","timestamp":"2025-06-19T11:44:48.562Z","userId":"68530f7027313829214b9381"}
{"error":"Not authorized to update this note","level":"error","message":"Update note failed","noteId":"6853f804dacfbe1d4ea9fdf9","timestamp":"2025-06-19T11:48:17.086Z","userId":"68530f7027313829214b9381"}
{"error":"Not authorized to update this note","level":"error","message":"Update note failed","noteId":"6853fb41063fec0e2982b515","timestamp":"2025-06-19T12:19:02.560Z","userId":"68530f7027313829214b9381"}
{"error":"Not authorized to update this note","level":"error","message":"Update note failed","noteId":"6853fb41063fec0e2982b515","timestamp":"2025-06-19T12:19:08.444Z","userId":"68530f7027313829214b9381"}
{"error":"Not authorized to update this note","level":"error","message":"Update note failed","noteId":"6853fb41063fec0e2982b515","timestamp":"2025-06-19T12:22:21.802Z","userId":"68530f7027313829214b9381"}
{"error":"Not authorized to update this note","level":"error","message":"Update note failed","noteId":"6853fb41063fec0e2982b515","timestamp":"2025-06-19T12:22:45.815Z","userId":"68530f7027313829214b9381"}
{"error":"Not authorized to update this note","level":"error","message":"Update note failed","noteId":"6853e61747960c940babba5e","timestamp":"2025-06-19T20:47:49.012Z","userId":"68530f7327313829214b9384"}
{"error":"Not authorized to update this note","level":"error","message":"Update note failed","noteId":"6853e61747960c940babba5e","timestamp":"2025-06-19T20:48:11.064Z","userId":"68530f7327313829214b9384"}
{"error":"Not authorized to update this note","level":"error","message":"Update note failed","noteId":"6853e61747960c940babba5e","timestamp":"2025-06-19T20:48:20.062Z","userId":"68530f7327313829214b9384"}
{"error":"Not authorized to update this note","level":"error","message":"Update note failed","noteId":"6854788385e40467344ae73f","timestamp":"2025-06-19T20:53:02.874Z","userId":"68530f7027313829214b9381"}
{"error":"Not authorized to update this note","level":"error","message":"Update note failed","noteId":"6854788385e40467344ae73f","timestamp":"2025-06-19T20:53:16.410Z","userId":"68530f7027313829214b9381"}
{"level":"error","message":"Delete note error: Note not found","stack":"Error: Note not found\n    at deleteNote (/Users/arc/Desktop/Project/Test/notes-app/server/src/controllers/notes.ts:90:13)\n    at processTicksAndRejections (node:internal/process/task_queues:95:5)\n    at /Users/arc/Desktop/Project/Test/notes-app/server/src/routes/notes.ts:273:21","timestamp":"2025-06-20T10:54:10.777Z"}
{"error":"Note not found","level":"error","message":"Delete note failed","noteId":"68553d90506fae4a2fb35ae2","timestamp":"2025-06-20T10:54:10.777Z","userId":"68553cc8506fae4a2fb35a37"}
{"level":"error","message":"Delete note error: Note not found","stack":"Error: Note not found\n    at deleteNote (/Users/arc/Desktop/Project/Test/notes-app/server/src/controllers/notes.ts:90:13)\n    at processTicksAndRejections (node:internal/process/task_queues:95:5)\n    at /Users/arc/Desktop/Project/Test/notes-app/server/src/routes/notes.ts:273:21","timestamp":"2025-06-20T10:54:14.687Z"}
{"error":"Note not found","level":"error","message":"Delete note failed","noteId":"68553d90506fae4a2fb35ae2","timestamp":"2025-06-20T10:54:14.687Z","userId":"68553cc8506fae4a2fb35a37"}
